Drill report for blackpants.kicad_pcb
Created on 2026-01-07T21:20:25+0100

Copper Layer Stackup:
    =============================================================
    L1 :  F.Cu                      front
    L2 :  In1.Cu                    in1
    L3 :  In2.Cu                    in2
    L4 :  B.Cu                      back


Drill file 'blackpants-PTH.drl' contains
    plated through holes:
    =============================================================
    T1  0.200mm  0.0079"  (164 holes)
    T2  0.200mm  0.0079"  (6 holes)
    T3  0.300mm  0.0118"  (301 holes)
    T4  0.600mm  0.0236"  (79 holes)  (with 8 slots)
    T5  2.700mm  0.1063"  (6 holes)

    Total plated holes count 556


Drill file 'blackpants-NPTH.drl' contains
    unplated through holes:
    =============================================================
    T1  0.650mm  0.0256"  (2 holes)
    T2  0.991mm  0.0390"  (3 holes)
    T3  2.390mm  0.0941"  (1 hole)

    Total unplated holes count 6
